==16641== Memcheck, a memory error detector
==16641== Copyright (C) 2002-2017, and GNU GPL'd, by Julian Seward et al.
==16641== Using Valgrind-3.16.1-36d6727e1d-20200622X and LibVEX; rerun with -h for copyright info
==16641== Command: ./pipex infile ls\ -l wc\ -l nuevo
==16641== Parent PID: 11358
==16641== 
--16641-- 
--16641-- Valgrind options:
--16641--    -v
--16641--    --log-file=valgrind.log
--16641--    --tool=memcheck
--16641--    --leak-check=full
--16641--    --show-mismatched-frees=yes
--16641-- Contents of /proc/version:
--16641--   Linux version 5.8.0-55-generic (buildd@lgw01-amd64-035) (gcc (Ubuntu 10.2.0-13ubuntu1) 10.2.0, GNU ld (GNU Binutils for Ubuntu) 2.35.1) #62-Ubuntu SMP Tue Jun 1 08:21:18 UTC 2021
--16641-- 
--16641-- Arch and hwcaps: AMD64, LittleEndian, amd64-rdtscp-sse3-ssse3
--16641-- Page sizes: currently 4096, max supported 4096
--16641-- Valgrind library directory: /usr/lib/x86_64-linux-gnu/valgrind
--16641-- Reading syms from /home/aque/Documentos/pipex/pipex
--16641-- Reading syms from /usr/lib/x86_64-linux-gnu/ld-2.32.so
--16641--   Considering /usr/lib/x86_64-linux-gnu/ld-2.32.so ..
--16641--   .. CRC mismatch (computed 26410511 wanted 6010827e)
--16641--   Considering /lib/x86_64-linux-gnu/ld-2.32.so ..
--16641--   .. CRC mismatch (computed 26410511 wanted 6010827e)
--16641--   Considering /usr/lib/debug/lib/x86_64-linux-gnu/ld-2.32.so ..
--16641--   .. CRC is valid
--16641-- Reading syms from /usr/lib/x86_64-linux-gnu/valgrind/memcheck-amd64-linux
--16641--    object doesn't have a symbol table
--16641--    object doesn't have a dynamic symbol table
--16641-- Scheduler: using generic scheduler lock implementation.
--16641-- Reading suppressions file: /usr/lib/x86_64-linux-gnu/valgrind/default.supp
==16641== embedded gdbserver: reading from /tmp/vgdb-pipe-from-vgdb-to-16641-by-aque-on-???
==16641== embedded gdbserver: writing to   /tmp/vgdb-pipe-to-vgdb-from-16641-by-aque-on-???
==16641== embedded gdbserver: shared mem   /tmp/vgdb-pipe-shared-mem-vgdb-16641-by-aque-on-???
==16641== 
==16641== TO CONTROL THIS PROCESS USING vgdb (which you probably
==16641== don't want to do, unless you know exactly what you're doing,
==16641== or are doing some strange experiment):
==16641==   /usr/bin/vgdb --pid=16641 ...command...
==16641== 
==16641== TO DEBUG THIS PROCESS USING GDB: start GDB like this
==16641==   /path/to/gdb ./pipex
==16641== and then give GDB the following command
==16641==   target remote | /usr/bin/vgdb --pid=16641
==16641== --pid is optional if only one valgrind process is running
==16641== 
--16641-- REDIR: 0x4023b00 (ld-linux-x86-64.so.2:strlen) redirected to 0x580ccb72 (???)
--16641-- REDIR: 0x40238d0 (ld-linux-x86-64.so.2:index) redirected to 0x580ccb8c (???)
--16641-- Reading syms from /usr/lib/x86_64-linux-gnu/valgrind/vgpreload_core-amd64-linux.so
--16641--    object doesn't have a symbol table
--16641-- Reading syms from /usr/lib/x86_64-linux-gnu/valgrind/vgpreload_memcheck-amd64-linux.so
--16641--    object doesn't have a symbol table
==16641== WARNING: new redirection conflicts with existing -- ignoring it
--16641--     old: 0x04023b00 (strlen              ) R-> (0000.0) 0x580ccb72 ???
--16641--     new: 0x04023b00 (strlen              ) R-> (2007.0) 0x04840060 strlen
--16641-- REDIR: 0x40202e0 (ld-linux-x86-64.so.2:strcmp) redirected to 0x4840fd0 (strcmp)
--16641-- REDIR: 0x4024060 (ld-linux-x86-64.so.2:mempcpy) redirected to 0x4844af0 (mempcpy)
--16641-- Reading syms from /usr/lib/x86_64-linux-gnu/libc-2.32.so
--16641--   Considering /usr/lib/x86_64-linux-gnu/libc-2.32.so ..
--16641--   .. CRC mismatch (computed 2798f119 wanted a3907336)
--16641--   Considering /lib/x86_64-linux-gnu/libc-2.32.so ..
--16641--   .. CRC mismatch (computed 2798f119 wanted a3907336)
--16641--   Considering /usr/lib/debug/lib/x86_64-linux-gnu/libc-2.32.so ..
--16641--   .. CRC is valid
--16641-- REDIR: 0x49011f0 (libc.so.6:memmove) redirected to 0x48321d0 (_vgnU_ifunc_wrapper)
--16641-- REDIR: 0x4900680 (libc.so.6:strncpy) redirected to 0x48321d0 (_vgnU_ifunc_wrapper)
--16641-- REDIR: 0x4901530 (libc.so.6:strcasecmp) redirected to 0x48321d0 (_vgnU_ifunc_wrapper)
--16641-- REDIR: 0x4900120 (libc.so.6:strcat) redirected to 0x48321d0 (_vgnU_ifunc_wrapper)
--16641-- REDIR: 0x49006e0 (libc.so.6:rindex) redirected to 0x48321d0 (_vgnU_ifunc_wrapper)
--16641-- REDIR: 0x49029f0 (libc.so.6:rawmemchr) redirected to 0x48321d0 (_vgnU_ifunc_wrapper)
--16641-- REDIR: 0x491d150 (libc.so.6:wmemchr) redirected to 0x48321d0 (_vgnU_ifunc_wrapper)
--16641-- REDIR: 0x491cc90 (libc.so.6:wcscmp) redirected to 0x48321d0 (_vgnU_ifunc_wrapper)
--16641-- REDIR: 0x4901350 (libc.so.6:mempcpy) redirected to 0x48321d0 (_vgnU_ifunc_wrapper)
--16641-- REDIR: 0x4901180 (libc.so.6:bcmp) redirected to 0x48321d0 (_vgnU_ifunc_wrapper)
--16641-- REDIR: 0x4900610 (libc.so.6:strncmp) redirected to 0x48321d0 (_vgnU_ifunc_wrapper)
--16641-- REDIR: 0x49001d0 (libc.so.6:strcmp) redirected to 0x48321d0 (_vgnU_ifunc_wrapper)
--16641-- REDIR: 0x49012c0 (libc.so.6:memset) redirected to 0x48321d0 (_vgnU_ifunc_wrapper)
--16641-- REDIR: 0x491cc50 (libc.so.6:wcschr) redirected to 0x48321d0 (_vgnU_ifunc_wrapper)
--16641-- REDIR: 0x4900570 (libc.so.6:strnlen) redirected to 0x48321d0 (_vgnU_ifunc_wrapper)
--16641-- REDIR: 0x49002b0 (libc.so.6:strcspn) redirected to 0x48321d0 (_vgnU_ifunc_wrapper)
--16641-- REDIR: 0x4901580 (libc.so.6:strncasecmp) redirected to 0x48321d0 (_vgnU_ifunc_wrapper)
--16641-- REDIR: 0x4900250 (libc.so.6:strcpy) redirected to 0x48321d0 (_vgnU_ifunc_wrapper)
--16641-- REDIR: 0x49016d0 (libc.so.6:memcpy@@GLIBC_2.14) redirected to 0x48321d0 (_vgnU_ifunc_wrapper)
--16641-- REDIR: 0x491e3d0 (libc.so.6:wcsnlen) redirected to 0x48321d0 (_vgnU_ifunc_wrapper)
--16641-- REDIR: 0x491ccd0 (libc.so.6:wcscpy) redirected to 0x48321d0 (_vgnU_ifunc_wrapper)
--16641-- REDIR: 0x4900720 (libc.so.6:strpbrk) redirected to 0x48321d0 (_vgnU_ifunc_wrapper)
--16641-- REDIR: 0x4900180 (libc.so.6:index) redirected to 0x48321d0 (_vgnU_ifunc_wrapper)
--16641-- REDIR: 0x4900530 (libc.so.6:strlen) redirected to 0x48321d0 (_vgnU_ifunc_wrapper)
--16641-- REDIR: 0x4908ee0 (libc.so.6:memrchr) redirected to 0x48321d0 (_vgnU_ifunc_wrapper)
--16641-- REDIR: 0x49015d0 (libc.so.6:strcasecmp_l) redirected to 0x48321d0 (_vgnU_ifunc_wrapper)
--16641-- REDIR: 0x4901140 (libc.so.6:memchr) redirected to 0x48321d0 (_vgnU_ifunc_wrapper)
--16641-- REDIR: 0x491cda0 (libc.so.6:wcslen) redirected to 0x48321d0 (_vgnU_ifunc_wrapper)
--16641-- REDIR: 0x4900850 (libc.so.6:strspn) redirected to 0x48321d0 (_vgnU_ifunc_wrapper)
--16641-- REDIR: 0x49014d0 (libc.so.6:stpncpy) redirected to 0x48321d0 (_vgnU_ifunc_wrapper)
--16641-- REDIR: 0x4901470 (libc.so.6:stpcpy) redirected to 0x48321d0 (_vgnU_ifunc_wrapper)
--16641-- REDIR: 0x4902a30 (libc.so.6:strchrnul) redirected to 0x48321d0 (_vgnU_ifunc_wrapper)
--16641-- REDIR: 0x4901620 (libc.so.6:strncasecmp_l) redirected to 0x48321d0 (_vgnU_ifunc_wrapper)
--16641-- REDIR: 0x4911bb0 (libc.so.6:__strrchr_sse2) redirected to 0x483fa70 (__strrchr_sse2)
--16641-- REDIR: 0x49119a0 (libc.so.6:__strchrnul_sse2) redirected to 0x4844610 (strchrnul)
--16641-- REDIR: 0x48fb560 (libc.so.6:malloc) redirected to 0x483c780 (malloc)
--16641-- REDIR: 0x491bda0 (libc.so.6:__mempcpy_sse2_unaligned) redirected to 0x4844730 (mempcpy)
--16641-- REDIR: 0x4911eb0 (libc.so.6:__strlen_sse2) redirected to 0x483ffa0 (__strlen_sse2)
--16641-- REDIR: 0x48fbb70 (libc.so.6:free) redirected to 0x483d9d0 (free)
==16641== 
==16641== HEAP SUMMARY:
==16641==     in use at exit: 0 bytes in 0 blocks
==16641==   total heap usage: 43 allocs, 43 frees, 1,747 bytes allocated
==16641== 
==16641== All heap blocks were freed -- no leaks are possible
==16641== 
==16641== ERROR SUMMARY: 0 errors from 0 contexts (suppressed: 0 from 0)
